<?xml version="1.0" encoding="UTF-8"?>
<!-- Generated by org.testng.reporters.JUnitReportReporter -->
<testsuite skipped="1" hostname="WKWIN7504586" name="tests.LoginTest2" tests="1" failures="0" timestamp="2020-04-19T15:15:16 IST" time="0.000" errors="0">
  <testcase name="loginTest1" time="0.000" classname="tests.LoginTest2">
    <skipped/>
  </testcase> <!-- loginTest1 -->
  <system-out/>
</testsuite> <!-- tests.LoginTest2 -->
