<?xml version="1.0" encoding="UTF-8"?>
<!-- Generated by org.testng.reporters.JUnitReportReporter -->
<testsuite skipped="0" hostname="WKWIN7504586" name="BrowserTest" tests="1" failures="0" timestamp="2020-04-19T14:07:01 IST" time="2.740" errors="0">
  <testcase name="launch" time="2.740" classname="BrowserTest"/>
  <system-out/>
</testsuite> <!-- BrowserTest -->
